build/app/intermediates/manifest_merge_blame_file/debug/manifest-merger-blame-debug-report.txt
1<?xml version="1.0" encoding="utf-8"?>
2<manifest xmlns:android="http://schemas.android.com/apk/res/android"
3    package="com.example.fire_fcm"
4    android:versionCode="1"
5    android:versionName="0.1.0" >
6
7    <uses-sdk
8        android:minSdkVersion="21"
9        android:targetSdkVersion="34" />
10    <!--
11         The INTERNET permission is required for development. Specifically,
12         the Flutter tool needs it to communicate with the running application
13         to allow setting breakpoints, to provide hot reload, etc.
14    -->
15    <uses-permission android:name="android.permission.INTERNET" />
15-->src\main\AndroidManifest.xml:3:1-62
15-->src\main\AndroidManifest.xml:3:18-60
16    <uses-permission android:name="android.permission.POST_NOTIFICATIONS" />
16-->src\main\AndroidManifest.xml:2:1-72
16-->src\main\AndroidManifest.xml:2:18-70
17    <!--
18 Required to query activities that can process text, see:
19         https://developer.android.com/training/package-visibility and
20         https://developer.android.com/reference/android/content/Intent#ACTION_PROCESS_TEXT.
21
22         In particular, this is used by the Flutter engine in io.flutter.plugin.text.ProcessTextPlugin.
23    -->
24    <queries>
24-->src\main\AndroidManifest.xml:42:5-47:15
25        <intent>
25-->src\main\AndroidManifest.xml:43:9-46:18
26            <action android:name="android.intent.action.PROCESS_TEXT" />
26-->src\main\AndroidManifest.xml:44:13-72
26-->src\main\AndroidManifest.xml:44:21-70
27
28            <data android:mimeType="text/plain" />
28-->src\main\AndroidManifest.xml:45:13-50
28-->src\main\AndroidManifest.xml:45:19-48
29        </intent>
30    </queries>
31
32    <uses-permission android:name="android.permission.WAKE_LOCK" />
32-->[:firebase_messaging] AndroidManifest.xml:10:5-68
32-->[:firebase_messaging] AndroidManifest.xml:10:22-65
33    <uses-permission android:name="android.permission.ACCESS_NETWORK_STATE" /> <!-- Required by older versions of Google Play services to create IID tokens -->
33-->[:firebase_messaging] AndroidManifest.xml:11:5-79
33-->[:firebase_messaging] AndroidManifest.xml:11:22-76
34    <uses-permission android:name="com.google.android.c2dm.permission.RECEIVE" />
34-->[com.google.firebase:firebase-messaging:24.0.0] AndroidManifest.xml:26:5-82
34-->[com.google.firebase:firebase-messaging:24.0.0] AndroidManifest.xml:26:22-79
35
36    <permission
36-->[androidx.core:core:1.13.1] AndroidManifest.xml:22:5-24:47
37        android:name="com.example.fire_fcm.DYNAMIC_RECEIVER_NOT_EXPORTED_PERMISSION"
37-->[androidx.core:core:1.13.1] AndroidManifest.xml:23:9-81
38        android:protectionLevel="signature" />
38-->[androidx.core:core:1.13.1] AndroidManifest.xml:24:9-44
39
40    <uses-permission android:name="com.example.fire_fcm.DYNAMIC_RECEIVER_NOT_EXPORTED_PERMISSION" />
40-->[androidx.core:core:1.13.1] AndroidManifest.xml:26:5-97
40-->[androidx.core:core:1.13.1] AndroidManifest.xml:26:22-94
41
42    <application
43        android:name="android.app.Application"
44        android:appComponentFactory="androidx.core.app.CoreComponentFactory"
44-->[androidx.core:core:1.13.1] AndroidManifest.xml:28:18-86
45        android:debuggable="true"
46        android:icon="@mipmap/ic_launcher"
47        android:label="fire_fcm" >
48        <activity
49            android:name="com.example.fire_fcm.MainActivity"
50            android:configChanges="orientation|keyboardHidden|keyboard|screenSize|smallestScreenSize|locale|layoutDirection|fontScale|screenLayout|density|uiMode"
51            android:exported="true"
52            android:hardwareAccelerated="true"
53            android:launchMode="singleTop"
54            android:taskAffinity=""
55            android:theme="@style/LaunchTheme"
56            android:windowSoftInputMode="adjustResize" >
57
58            <!--
59                 Specifies an Android theme to apply to this Activity as soon as
60                 the Android process has started. This theme is visible to the user
61                 while the Flutter UI initializes. After that, this theme continues
62                 to determine the Window background behind the Flutter UI.
63            -->
64            <meta-data
65                android:name="io.flutter.embedding.android.NormalTheme"
66                android:resource="@style/NormalTheme" />
67
68            <intent-filter>
69                <action android:name="android.intent.action.MAIN" />
70
71                <category android:name="android.intent.category.LAUNCHER" />
72            </intent-filter>
73        </activity>
74        <!--
75             Don't delete the meta-data below.
76             This is used by the Flutter tool to generate GeneratedPluginRegistrant.java
77        -->
78        <meta-data
79            android:name="flutterEmbedding"
80            android:value="2" />
81
82        <service
82-->[:firebase_messaging] AndroidManifest.xml:16:9-19:72
83            android:name="io.flutter.plugins.firebase.messaging.FlutterFirebaseMessagingBackgroundService"
83-->[:firebase_messaging] AndroidManifest.xml:17:13-107
84            android:exported="false"
84-->[:firebase_messaging] AndroidManifest.xml:18:13-37
85            android:permission="android.permission.BIND_JOB_SERVICE" />
85-->[:firebase_messaging] AndroidManifest.xml:19:13-69
86        <service
86-->[:firebase_messaging] AndroidManifest.xml:20:9-26:19
87            android:name="io.flutter.plugins.firebase.messaging.FlutterFirebaseMessagingService"
87-->[:firebase_messaging] AndroidManifest.xml:21:13-97
88            android:exported="false" >
88-->[:firebase_messaging] AndroidManifest.xml:22:13-37
89            <intent-filter>
89-->[:firebase_messaging] AndroidManifest.xml:23:13-25:29
90                <action android:name="com.google.firebase.MESSAGING_EVENT" />
90-->[:firebase_messaging] AndroidManifest.xml:24:17-78
90-->[:firebase_messaging] AndroidManifest.xml:24:25-75
91            </intent-filter>
92        </service>
93
94        <receiver
94-->[:firebase_messaging] AndroidManifest.xml:28:9-35:20
95            android:name="io.flutter.plugins.firebase.messaging.FlutterFirebaseMessagingReceiver"
95-->[:firebase_messaging] AndroidManifest.xml:29:13-98
96            android:exported="true"
96-->[:firebase_messaging] AndroidManifest.xml:30:13-36
97            android:permission="com.google.android.c2dm.permission.SEND" >
97-->[:firebase_messaging] AndroidManifest.xml:31:13-73
98            <intent-filter>
98-->[:firebase_messaging] AndroidManifest.xml:32:13-34:29
99                <action android:name="com.google.android.c2dm.intent.RECEIVE" />
99-->[:firebase_messaging] AndroidManifest.xml:33:17-81
99-->[:firebase_messaging] AndroidManifest.xml:33:25-78
100            </intent-filter>
101        </receiver>
102
103        <service
103-->[:firebase_messaging] AndroidManifest.xml:37:9-41:19
104            android:name="com.google.firebase.components.ComponentDiscoveryService"
104-->[:firebase_messaging] AndroidManifest.xml:37:18-89
105            android:directBootAware="true"
105-->[com.google.firebase:firebase-common:21.0.0] AndroidManifest.xml:32:13-43
106            android:exported="false" >
106-->[com.google.firebase:firebase-messaging:24.0.0] AndroidManifest.xml:56:13-37
107            <meta-data
107-->[:firebase_messaging] AndroidManifest.xml:38:13-40:85
108                android:name="com.google.firebase.components:io.flutter.plugins.firebase.messaging.FlutterFirebaseAppRegistrar"
108-->[:firebase_messaging] AndroidManifest.xml:39:17-128
109                android:value="com.google.firebase.components.ComponentRegistrar" />
109-->[:firebase_messaging] AndroidManifest.xml:40:17-82
110            <meta-data
110-->[:firebase_core] AndroidManifest.xml:11:13-13:85
111                android:name="com.google.firebase.components:io.flutter.plugins.firebase.core.FlutterFirebaseCoreRegistrar"
111-->[:firebase_core] AndroidManifest.xml:12:17-124
112                android:value="com.google.firebase.components.ComponentRegistrar" />
112-->[:firebase_core] AndroidManifest.xml:13:17-82
113            <meta-data
113-->[com.google.firebase:firebase-messaging:24.0.0] AndroidManifest.xml:57:13-59:85
114                android:name="com.google.firebase.components:com.google.firebase.messaging.FirebaseMessagingKtxRegistrar"
114-->[com.google.firebase:firebase-messaging:24.0.0] AndroidManifest.xml:58:17-122
115                android:value="com.google.firebase.components.ComponentRegistrar" />
115-->[com.google.firebase:firebase-messaging:24.0.0] AndroidManifest.xml:59:17-82
116            <meta-data
116-->[com.google.firebase:firebase-messaging:24.0.0] AndroidManifest.xml:60:13-62:85
117                android:name="com.google.firebase.components:com.google.firebase.messaging.FirebaseMessagingRegistrar"
117-->[com.google.firebase:firebase-messaging:24.0.0] AndroidManifest.xml:61:17-119
118                android:value="com.google.firebase.components.ComponentRegistrar" />
118-->[com.google.firebase:firebase-messaging:24.0.0] AndroidManifest.xml:62:17-82
119            <meta-data
119-->[com.google.firebase:firebase-installations:18.0.0] AndroidManifest.xml:15:13-17:85
120                android:name="com.google.firebase.components:com.google.firebase.installations.FirebaseInstallationsKtxRegistrar"
120-->[com.google.firebase:firebase-installations:18.0.0] AndroidManifest.xml:16:17-130
121                android:value="com.google.firebase.components.ComponentRegistrar" />
121-->[com.google.firebase:firebase-installations:18.0.0] AndroidManifest.xml:17:17-82
122            <meta-data
122-->[com.google.firebase:firebase-installations:18.0.0] AndroidManifest.xml:18:13-20:85
123                android:name="com.google.firebase.components:com.google.firebase.installations.FirebaseInstallationsRegistrar"
123-->[com.google.firebase:firebase-installations:18.0.0] AndroidManifest.xml:19:17-127
124                android:value="com.google.firebase.components.ComponentRegistrar" />
124-->[com.google.firebase:firebase-installations:18.0.0] AndroidManifest.xml:20:17-82
125            <meta-data
125-->[com.google.firebase:firebase-common-ktx:21.0.0] AndroidManifest.xml:12:13-14:85
126                android:name="com.google.firebase.components:com.google.firebase.ktx.FirebaseCommonLegacyRegistrar"
126-->[com.google.firebase:firebase-common-ktx:21.0.0] AndroidManifest.xml:13:17-116
127                android:value="com.google.firebase.components.ComponentRegistrar" />
127-->[com.google.firebase:firebase-common-ktx:21.0.0] AndroidManifest.xml:14:17-82
128            <meta-data
128-->[com.google.firebase:firebase-common:21.0.0] AndroidManifest.xml:35:13-37:85
129                android:name="com.google.firebase.components:com.google.firebase.FirebaseCommonKtxRegistrar"
129-->[com.google.firebase:firebase-common:21.0.0] AndroidManifest.xml:36:17-109
130                android:value="com.google.firebase.components.ComponentRegistrar" />
130-->[com.google.firebase:firebase-common:21.0.0] AndroidManifest.xml:37:17-82
131            <meta-data
131-->[com.google.firebase:firebase-datatransport:18.2.0] AndroidManifest.xml:25:13-27:85
132                android:name="com.google.firebase.components:com.google.firebase.datatransport.TransportRegistrar"
132-->[com.google.firebase:firebase-datatransport:18.2.0] AndroidManifest.xml:26:17-115
133                android:value="com.google.firebase.components.ComponentRegistrar" />
133-->[com.google.firebase:firebase-datatransport:18.2.0] AndroidManifest.xml:27:17-82
134        </service>
135
136        <provider
136-->[:firebase_messaging] AndroidManifest.xml:43:9-47:38
137            android:name="io.flutter.plugins.firebase.messaging.FlutterFirebaseMessagingInitProvider"
137-->[:firebase_messaging] AndroidManifest.xml:44:13-102
138            android:authorities="com.example.fire_fcm.flutterfirebasemessaginginitprovider"
138-->[:firebase_messaging] AndroidManifest.xml:45:13-88
139            android:exported="false"
139-->[:firebase_messaging] AndroidManifest.xml:46:13-37
140            android:initOrder="99" />
140-->[:firebase_messaging] AndroidManifest.xml:47:13-35
141
142        <receiver
142-->[com.google.firebase:firebase-messaging:24.0.0] AndroidManifest.xml:29:9-40:20
143            android:name="com.google.firebase.iid.FirebaseInstanceIdReceiver"
143-->[com.google.firebase:firebase-messaging:24.0.0] AndroidManifest.xml:30:13-78
144            android:exported="true"
144-->[com.google.firebase:firebase-messaging:24.0.0] AndroidManifest.xml:31:13-36
145            android:permission="com.google.android.c2dm.permission.SEND" >
145-->[com.google.firebase:firebase-messaging:24.0.0] AndroidManifest.xml:32:13-73
146            <intent-filter>
146-->[:firebase_messaging] AndroidManifest.xml:32:13-34:29
147                <action android:name="com.google.android.c2dm.intent.RECEIVE" />
147-->[:firebase_messaging] AndroidManifest.xml:33:17-81
147-->[:firebase_messaging] AndroidManifest.xml:33:25-78
148            </intent-filter>
149
150            <meta-data
150-->[com.google.firebase:firebase-messaging:24.0.0] AndroidManifest.xml:37:13-39:40
151                android:name="com.google.android.gms.cloudmessaging.FINISHED_AFTER_HANDLED"
151-->[com.google.firebase:firebase-messaging:24.0.0] AndroidManifest.xml:38:17-92
152                android:value="true" />
152-->[com.google.firebase:firebase-messaging:24.0.0] AndroidManifest.xml:39:17-37
153        </receiver>
154        <!--
155             FirebaseMessagingService performs security checks at runtime,
156             but set to not exported to explicitly avoid allowing another app to call it.
157        -->
158        <service
158-->[com.google.firebase:firebase-messaging:24.0.0] AndroidManifest.xml:46:9-53:19
159            android:name="com.google.firebase.messaging.FirebaseMessagingService"
159-->[com.google.firebase:firebase-messaging:24.0.0] AndroidManifest.xml:47:13-82
160            android:directBootAware="true"
160-->[com.google.firebase:firebase-messaging:24.0.0] AndroidManifest.xml:48:13-43
161            android:exported="false" >
161-->[com.google.firebase:firebase-messaging:24.0.0] AndroidManifest.xml:49:13-37
162            <intent-filter android:priority="-500" >
162-->[:firebase_messaging] AndroidManifest.xml:23:13-25:29
163                <action android:name="com.google.firebase.MESSAGING_EVENT" />
163-->[:firebase_messaging] AndroidManifest.xml:24:17-78
163-->[:firebase_messaging] AndroidManifest.xml:24:25-75
164            </intent-filter>
165        </service>
166
167        <activity
167-->[com.google.android.gms:play-services-base:18.0.1] AndroidManifest.xml:20:9-22:45
168            android:name="com.google.android.gms.common.api.GoogleApiActivity"
168-->[com.google.android.gms:play-services-base:18.0.1] AndroidManifest.xml:20:19-85
169            android:exported="false"
169-->[com.google.android.gms:play-services-base:18.0.1] AndroidManifest.xml:22:19-43
170            android:theme="@android:style/Theme.Translucent.NoTitleBar" />
170-->[com.google.android.gms:play-services-base:18.0.1] AndroidManifest.xml:21:19-78
171
172        <provider
172-->[com.google.firebase:firebase-common:21.0.0] AndroidManifest.xml:23:9-28:39
173            android:name="com.google.firebase.provider.FirebaseInitProvider"
173-->[com.google.firebase:firebase-common:21.0.0] AndroidManifest.xml:24:13-77
174            android:authorities="com.example.fire_fcm.firebaseinitprovider"
174-->[com.google.firebase:firebase-common:21.0.0] AndroidManifest.xml:25:13-72
175            android:directBootAware="true"
175-->[com.google.firebase:firebase-common:21.0.0] AndroidManifest.xml:26:13-43
176            android:exported="false"
176-->[com.google.firebase:firebase-common:21.0.0] AndroidManifest.xml:27:13-37
177            android:initOrder="100" />
177-->[com.google.firebase:firebase-common:21.0.0] AndroidManifest.xml:28:13-36
178
179        <uses-library
179-->[androidx.window:window:1.2.0] AndroidManifest.xml:23:9-25:40
180            android:name="androidx.window.extensions"
180-->[androidx.window:window:1.2.0] AndroidManifest.xml:24:13-54
181            android:required="false" />
181-->[androidx.window:window:1.2.0] AndroidManifest.xml:25:13-37
182        <uses-library
182-->[androidx.window:window:1.2.0] AndroidManifest.xml:26:9-28:40
183            android:name="androidx.window.sidecar"
183-->[androidx.window:window:1.2.0] AndroidManifest.xml:27:13-51
184            android:required="false" />
184-->[androidx.window:window:1.2.0] AndroidManifest.xml:28:13-37
185
186        <meta-data
186-->[com.google.android.gms:play-services-basement:18.3.0] AndroidManifest.xml:21:9-23:69
187            android:name="com.google.android.gms.version"
187-->[com.google.android.gms:play-services-basement:18.3.0] AndroidManifest.xml:22:13-58
188            android:value="@integer/google_play_services_version" />
188-->[com.google.android.gms:play-services-basement:18.3.0] AndroidManifest.xml:23:13-66
189
190        <provider
190-->[androidx.lifecycle:lifecycle-process:2.7.0] AndroidManifest.xml:24:9-32:20
191            android:name="androidx.startup.InitializationProvider"
191-->[androidx.lifecycle:lifecycle-process:2.7.0] AndroidManifest.xml:25:13-67
192            android:authorities="com.example.fire_fcm.androidx-startup"
192-->[androidx.lifecycle:lifecycle-process:2.7.0] AndroidManifest.xml:26:13-68
193            android:exported="false" >
193-->[androidx.lifecycle:lifecycle-process:2.7.0] AndroidManifest.xml:27:13-37
194            <meta-data
194-->[androidx.lifecycle:lifecycle-process:2.7.0] AndroidManifest.xml:29:13-31:52
195                android:name="androidx.lifecycle.ProcessLifecycleInitializer"
195-->[androidx.lifecycle:lifecycle-process:2.7.0] AndroidManifest.xml:30:17-78
196                android:value="androidx.startup" />
196-->[androidx.lifecycle:lifecycle-process:2.7.0] AndroidManifest.xml:31:17-49
197            <meta-data
197-->[androidx.profileinstaller:profileinstaller:1.3.1] AndroidManifest.xml:29:13-31:52
198                android:name="androidx.profileinstaller.ProfileInstallerInitializer"
198-->[androidx.profileinstaller:profileinstaller:1.3.1] AndroidManifest.xml:30:17-85
199                android:value="androidx.startup" />
199-->[androidx.profileinstaller:profileinstaller:1.3.1] AndroidManifest.xml:31:17-49
200        </provider>
201
202        <receiver
202-->[androidx.profileinstaller:profileinstaller:1.3.1] AndroidManifest.xml:34:9-52:20
203            android:name="androidx.profileinstaller.ProfileInstallReceiver"
203-->[androidx.profileinstaller:profileinstaller:1.3.1] AndroidManifest.xml:35:13-76
204            android:directBootAware="false"
204-->[androidx.profileinstaller:profileinstaller:1.3.1] AndroidManifest.xml:36:13-44
205            android:enabled="true"
205-->[androidx.profileinstaller:profileinstaller:1.3.1] AndroidManifest.xml:37:13-35
206            android:exported="true"
206-->[androidx.profileinstaller:profileinstaller:1.3.1] AndroidManifest.xml:38:13-36
207            android:permission="android.permission.DUMP" >
207-->[androidx.profileinstaller:profileinstaller:1.3.1] AndroidManifest.xml:39:13-57
208            <intent-filter>
208-->[androidx.profileinstaller:profileinstaller:1.3.1] AndroidManifest.xml:40:13-42:29
209                <action android:name="androidx.profileinstaller.action.INSTALL_PROFILE" />
209-->[androidx.profileinstaller:profileinstaller:1.3.1] AndroidManifest.xml:41:17-91
209-->[androidx.profileinstaller:profileinstaller:1.3.1] AndroidManifest.xml:41:25-88
210            </intent-filter>
211            <intent-filter>
211-->[androidx.profileinstaller:profileinstaller:1.3.1] AndroidManifest.xml:43:13-45:29
212                <action android:name="androidx.profileinstaller.action.SKIP_FILE" />
212-->[androidx.profileinstaller:profileinstaller:1.3.1] AndroidManifest.xml:44:17-85
212-->[androidx.profileinstaller:profileinstaller:1.3.1] AndroidManifest.xml:44:25-82
213            </intent-filter>
214            <intent-filter>
214-->[androidx.profileinstaller:profileinstaller:1.3.1] AndroidManifest.xml:46:13-48:29
215                <action android:name="androidx.profileinstaller.action.SAVE_PROFILE" />
215-->[androidx.profileinstaller:profileinstaller:1.3.1] AndroidManifest.xml:47:17-88
215-->[androidx.profileinstaller:profileinstaller:1.3.1] AndroidManifest.xml:47:25-85
216            </intent-filter>
217            <intent-filter>
217-->[androidx.profileinstaller:profileinstaller:1.3.1] AndroidManifest.xml:49:13-51:29
218                <action android:name="androidx.profileinstaller.action.BENCHMARK_OPERATION" />
218-->[androidx.profileinstaller:profileinstaller:1.3.1] AndroidManifest.xml:50:17-95
218-->[androidx.profileinstaller:profileinstaller:1.3.1] AndroidManifest.xml:50:25-92
219            </intent-filter>
220        </receiver>
221
222        <service
222-->[com.google.android.datatransport:transport-backend-cct:3.1.9] AndroidManifest.xml:28:9-34:19
223            android:name="com.google.android.datatransport.runtime.backends.TransportBackendDiscovery"
223-->[com.google.android.datatransport:transport-backend-cct:3.1.9] AndroidManifest.xml:29:13-103
224            android:exported="false" >
224-->[com.google.android.datatransport:transport-backend-cct:3.1.9] AndroidManifest.xml:30:13-37
225            <meta-data
225-->[com.google.android.datatransport:transport-backend-cct:3.1.9] AndroidManifest.xml:31:13-33:39
226                android:name="backend:com.google.android.datatransport.cct.CctBackendFactory"
226-->[com.google.android.datatransport:transport-backend-cct:3.1.9] AndroidManifest.xml:32:17-94
227                android:value="cct" />
227-->[com.google.android.datatransport:transport-backend-cct:3.1.9] AndroidManifest.xml:33:17-36
228        </service>
229        <service
229-->[com.google.android.datatransport:transport-runtime:3.1.9] AndroidManifest.xml:26:9-30:19
230            android:name="com.google.android.datatransport.runtime.scheduling.jobscheduling.JobInfoSchedulerService"
230-->[com.google.android.datatransport:transport-runtime:3.1.9] AndroidManifest.xml:27:13-117
231            android:exported="false"
231-->[com.google.android.datatransport:transport-runtime:3.1.9] AndroidManifest.xml:28:13-37
232            android:permission="android.permission.BIND_JOB_SERVICE" >
232-->[com.google.android.datatransport:transport-runtime:3.1.9] AndroidManifest.xml:29:13-69
233        </service>
234
235        <receiver
235-->[com.google.android.datatransport:transport-runtime:3.1.9] AndroidManifest.xml:32:9-34:40
236            android:name="com.google.android.datatransport.runtime.scheduling.jobscheduling.AlarmManagerSchedulerBroadcastReceiver"
236-->[com.google.android.datatransport:transport-runtime:3.1.9] AndroidManifest.xml:33:13-132
237            android:exported="false" />
237-->[com.google.android.datatransport:transport-runtime:3.1.9] AndroidManifest.xml:34:13-37
238    </application>
239
240</manifest>